<?xml version="1.0" encoding="UTF-8" ?>
<!--+
    |
    | Copyright (c) 2012, ROE (http://www.roe.ac.uk/)
    | All rights reserved.
    |
    | This program is free software: you can redistribute it and/or modify
    | it under the terms of the GNU General Public License as published by
    | the Free Software Foundation, either version 3 of the License, or
    | (at your option) any later version.
    |
    | This program is distributed in the hope that it will be useful,
    | but WITHOUT ANY WARRANTY; without even the implied warranty of
    | MERCHANTABILITY or FITNESS FOR A PARTICULAR PURPOSE.  See the
    | GNU General Public License for more details.
    |
    | You should have received a copy of the GNU General Public License
    | along with this program.  If not, see <http://www.gnu.org/licenses/>.
    |
    +-->
<taglib
    xmlns="http://java.sun.com/xml/ns/j2ee"
    xmlns:xsi="http://www.w3.org/2001/XMLSchema-instance"
    xsi:schemaLocation="
        http://java.sun.com/xml/ns/j2ee
        http://java.sun.com/xml/ns/j2ee/web-jsptaglibrary_2_0.xsd"
    version="2.0"
    >
    <tlib-version>1.0</tlib-version>

    <short-name>test-taglib</short-name>
    <tag>
        <description>a simple test tag</description>
        <name>simple</name>
        <tag-class>uk.ac.roe.wfau.firethorn.webapp.taglib.SimpleTestTag</tag-class>
        <body-content>empty</body-content>
        <attribute>
            <name>name</name>
            <required>true</required>
            <rtexprvalue>true</rtexprvalue>
        </attribute>
        <attribute>
            <name>size</name>
            <required>false</required>
            <rtexprvalue>true</rtexprvalue>
            <type>java.lang.Long</type>
        </attribute>
    </tag>

    <tag>
        <description>a complex test tag</description>
        <name>complex</name>
        <tag-class>uk.ac.roe.wfau.firethorn.webapp.taglib.ComplexTestTag</tag-class>
        <body-content>empty</body-content>
        <attribute>
            <name>name</name>
            <required>true</required>
            <rtexprvalue>true</rtexprvalue>
        </attribute>
        <attribute>
            <name>size</name>
            <required>false</required>
            <rtexprvalue>true</rtexprvalue>
        </attribute>
    </tag>
</taglib>

