<?xml version="1.0"?>
<!--+
    |
    | Copyright (c) 2013, ROE (http://www.roe.ac.uk/)
    | All rights reserved.
    |
    | This program is free software: you can redistribute it and/or modify
    | it under the terms of the GNU General Public License as published by
    | the Free Software Foundation, either version 3 of the License, or
    | (at your option) any later version.
    |
    | This program is distributed in the hope that it will be useful,
    | but WITHOUT ANY WARRANTY; without even the implied warranty of
    | MERCHANTABILITY or FITNESS FOR A PARTICULAR PURPOSE.  See the
    | GNU General Public License for more details.
    |
    | You should have received a copy of the GNU General Public License
    | along with this program.  If not, see <http://www.gnu.org/licenses/>.
    |
    +-->
<configuration>

    <!--+
        | Load the Java system properties.
        +-->
    <system/>

    <!--+
        | Load our initial test properties.
        +-->
    <properties fileName="test-001.properties" config-optional="true">
        <reloadingStrategy
            refreshDelay="1000"
            config-class="org.apache.commons.configuration.reloading.FileChangedReloadingStrategy"
            />
    </properties>

    <!--+
        | Load our extra test properties.
        +-->
    <properties fileName="test-002.properties" config-optional="true">
        <reloadingStrategy
            refreshDelay="1000"
            config-class="org.apache.commons.configuration.reloading.FileChangedReloadingStrategy"
            />
    </properties>

    <!--+
        | Load a missing properties file.
        +-->
    <properties fileName="missing.properties" config-optional="true">
        <reloadingStrategy
            refreshDelay="1000"
            config-class="org.apache.commons.configuration.reloading.FileChangedReloadingStrategy"
            />
    </properties>

</configuration>

