<?xml version='1.0' encoding='utf-8'?>
<!--+
    |
    | Copyright (c) 2012, ROE (http://www.roe.ac.uk/)
    | All rights reserved.
    |
    | This program is free software: you can redistribute it and/or modify
    | it under the terms of the GNU General Public License as published by
    | the Free Software Foundation, either version 3 of the License, or
    | (at your option) any later version.
    |
    | This program is distributed in the hope that it will be useful,
    | but WITHOUT ANY WARRANTY; without even the implied warranty of
    | MERCHANTABILITY or FITNESS FOR A PARTICULAR PURPOSE.  See the
    | GNU General Public License for more details.
    |
    | You should have received a copy of the GNU General Public License
    | along with this program.  If not, see <http://www.gnu.org/licenses/>.
    |
    +-->
<Context
    path="/firethorn"
    displayName="WFAU FireThorn service"
    >

    <!--+
        | PostgreSQL test database.
        | http://pro-programmers.blogspot.com/2008/07/spring-datasource-jndi-lookup-from.html
        +-->
    <Resource
        name="firethorn/database" 
        auth="Container"
        type="javax.sql.DataSource" 
        driverClassName="org.postgresql.Driver"
        url="jdbc:postgresql://localhost/firethorn"
        username="wilbert"
        password="IC1-88-qcesf-etvryt-4P-fijot-18"
        maxActive="8" 
        maxIdle="4"
        />

    <!--+
        | Endpoint URL for our OGSA-DAI service.
    <Environment
        name="firethorn/ogsadai/endpoint"
        value="http://beta.virtual.metagrid.co.uk:8080/dai/services/"
        type="java.lang.String"
        override="false"
        />
        +-->

    <!--+
        | OGSA-DAI results destination.
    <Environment
        name="firethorn/ogsadai/results/resource"
        value="firethorn"
        type="java.lang.String"
        override="false"
        />
    <Environment
        name="firethorn/ogsadai/results/table"
        value="results"
        type="java.lang.String"
        override="false"
        />
        +-->

</Context>


