<?xml version="1.0" encoding="UTF-8" ?>
<taglib
    xmlns="http://java.sun.com/xml/ns/j2ee"
    xmlns:xsi="http://www.w3.org/2001/XMLSchema-instance"
    xsi:schemaLocation="
        http://java.sun.com/xml/ns/j2ee
        http://java.sun.com/xml/ns/j2ee/web-jsptaglibrary_2_0.xsd"
    version="2.0"
    >
    <tlib-version>1.0</tlib-version>

    <short-name>test-taglib</short-name>
    <tag>
        <description>a simple test tag</description>
        <name>simple</name>
        <tag-class>uk.ac.roe.wfau.firethorn.webapp.taglib.SimpleTestTag</tag-class>
        <body-content>empty</body-content>
        <attribute>
            <name>name</name>
            <required>true</required>
            <!--rtexprvalue>false</rtexprvalue-->
        </attribute>
        <attribute>
            <name>size</name>
            <type>java.lang.Long</type>
            <required>false</required>
            <rtexprvalue>true</rtexprvalue>
        </attribute>
    </tag>

    <tag>
        <description>a complex test tag</description>
        <name>complex</name>
        <tag-class>uk.ac.roe.wfau.firethorn.webapp.taglib.ComplexTestTag</tag-class>
        <body-content>empty</body-content>
        <attribute>
            <name>name</name>
            <required>true</required>
            <!--rtexprvalue>true</rtexprvalue-->
        </attribute>
        <attribute>
            <name>size</name>
            <required>false</required>
            <!--rtexprvalue>true</rtexprvalue-->
        </attribute>
    </tag>
</taglib>

